0 info it worked if it ends with ok
1 verbose cli [ 'node', '/usr/local/bin/npm', 'install', 'mime' ]
2 info using npm@1.4.28
3 info using node@v0.10.33
4 warn package.json BuildPro@0.1.0 No repository field.
5 warn package.json BuildPro@0.1.0 No README data
6 verbose readDependencies using package.json deps
7 verbose cache add [ 'mime', null ]
8 verbose cache add name=undefined spec="mime" args=["mime",null]
9 verbose parsed url { protocol: null,
9 verbose parsed url   slashes: null,
9 verbose parsed url   auth: null,
9 verbose parsed url   host: null,
9 verbose parsed url   port: null,
9 verbose parsed url   hostname: null,
9 verbose parsed url   hash: null,
9 verbose parsed url   search: null,
9 verbose parsed url   query: null,
9 verbose parsed url   pathname: 'mime',
9 verbose parsed url   path: 'mime',
9 verbose parsed url   href: 'mime' }
10 silly lockFile c6d51ab0-mime mime
11 verbose lock mime /Users/yummyuuu/.npm/c6d51ab0-mime.lock
12 silly lockFile c6d51ab0-mime mime
13 silly lockFile c6d51ab0-mime mime
14 verbose addNamed [ 'mime', '' ]
15 verbose addNamed [ null, '*' ]
16 silly lockFile 997db655-mime mime@
17 verbose lock mime@ /Users/yummyuuu/.npm/997db655-mime.lock
18 silly addNameRange { name: 'mime', range: '*', hasData: false }
19 verbose request where is /mime
20 verbose request registry https://registry.npmjs.org/
21 verbose request id 736fd50113985535
22 verbose url raw /mime
23 verbose url resolving [ 'https://registry.npmjs.org/', './mime' ]
24 verbose url resolved https://registry.npmjs.org/mime
25 verbose request where is https://registry.npmjs.org/mime
26 info trying registry request attempt 1 at 18:04:53
27 verbose etag "4ZV6X31TN1SCZOAD4QH9KEQJX"
28 http GET https://registry.npmjs.org/mime
29 http 200 https://registry.npmjs.org/mime
30 silly registry.get cb [ 200,
30 silly registry.get   { date: 'Wed, 04 Mar 2015 10:04:52 GMT',
30 silly registry.get     server: 'CouchDB/1.5.0 (Erlang OTP/R16B03)',
30 silly registry.get     etag: '"92OKTIRDMUI315YNDRKBDXI76"',
30 silly registry.get     'content-type': 'application/json',
30 silly registry.get     'cache-control': 'max-age=60',
30 silly registry.get     'content-length': '20003',
30 silly registry.get     'accept-ranges': 'bytes',
30 silly registry.get     via: '1.1 varnish',
30 silly registry.get     age: '46',
30 silly registry.get     'x-served-by': 'cache-hk90-HKG',
30 silly registry.get     'x-cache': 'HIT',
30 silly registry.get     'x-cache-hits': '2',
30 silly registry.get     'x-timer': 'S1425463492.812828,VS0,VE0',
30 silly registry.get     vary: 'Accept',
30 silly registry.get     'keep-alive': 'timeout=10, max=50',
30 silly registry.get     connection: 'Keep-Alive' } ]
31 silly addNameRange number 2 { name: 'mime', range: '*', hasData: true }
32 silly addNameRange versions [ 'mime',
32 silly addNameRange   [ '1.0.0',
32 silly addNameRange     '1.1.0',
32 silly addNameRange     '1.2.1',
32 silly addNameRange     '1.2.2',
32 silly addNameRange     '1.2.3',
32 silly addNameRange     '1.2.4',
32 silly addNameRange     '1.2.5',
32 silly addNameRange     '1.2.6',
32 silly addNameRange     '1.2.7',
32 silly addNameRange     '1.2.8',
32 silly addNameRange     '1.2.9',
32 silly addNameRange     '1.2.10',
32 silly addNameRange     '1.2.11',
32 silly addNameRange     '1.3.0',
32 silly addNameRange     '1.3.2',
32 silly addNameRange     '1.3.3',
32 silly addNameRange     '1.3.4' ] ]
33 verbose addNamed [ 'mime', '1.3.4' ]
34 verbose addNamed [ '1.3.4', '1.3.4' ]
35 silly lockFile 7e818080-mime-1-3-4 mime@1.3.4
36 verbose lock mime@1.3.4 /Users/yummyuuu/.npm/7e818080-mime-1-3-4.lock
37 silly lockFile 32e9eca4-ry-npmjs-org-mime-mime-1-3-4-tgz https://registry.npmjs.org/mime/-/mime-1.3.4.tgz
38 verbose lock https://registry.npmjs.org/mime/-/mime-1.3.4.tgz /Users/yummyuuu/.npm/32e9eca4-ry-npmjs-org-mime-mime-1-3-4-tgz.lock
39 verbose addRemoteTarball [ 'https://registry.npmjs.org/mime/-/mime-1.3.4.tgz',
39 verbose addRemoteTarball   '115f9e3b6b3daf2959983cb38f149a2d40eb5d53' ]
40 info retry fetch attempt 1 at 18:04:53
41 verbose fetch to= /var/folders/_n/h2s8bhv17nl1w0mzqp9m4c3c0000gn/T/npm-3379-VoXu_PM7/registry.npmjs.org/mime/-/mime-1.3.4.tgz
42 http GET https://registry.npmjs.org/mime/-/mime-1.3.4.tgz
43 http 200 https://registry.npmjs.org/mime/-/mime-1.3.4.tgz
44 silly lockFile 32e9eca4-ry-npmjs-org-mime-mime-1-3-4-tgz https://registry.npmjs.org/mime/-/mime-1.3.4.tgz
45 silly lockFile 32e9eca4-ry-npmjs-org-mime-mime-1-3-4-tgz https://registry.npmjs.org/mime/-/mime-1.3.4.tgz
46 silly lockFile 7e818080-mime-1-3-4 mime@1.3.4
47 silly lockFile 7e818080-mime-1-3-4 mime@1.3.4
48 silly lockFile 997db655-mime mime@
49 silly lockFile 997db655-mime mime@
50 error Error: EACCES, mkdir '/Users/yummyuuu/.npm/mime/1.3.4'
50 error  { [Error: EACCES, mkdir '/Users/yummyuuu/.npm/mime/1.3.4']
50 error   errno: 3,
50 error   code: 'EACCES',
50 error   path: '/Users/yummyuuu/.npm/mime/1.3.4',
50 error   parent: 'BuildPro' }
51 error Please try running this command again as root/Administrator.
52 error System Darwin 14.0.0
53 error command "node" "/usr/local/bin/npm" "install" "mime"
54 error cwd /Users/yummyuuu/Dropbox/buildmind/Projects/Link/www
55 error node -v v0.10.33
56 error npm -v 1.4.28
57 error path /Users/yummyuuu/.npm/mime/1.3.4
58 error code EACCES
59 error errno 3
60 error stack Error: EACCES, mkdir '/Users/yummyuuu/.npm/mime/1.3.4'
61 verbose exit [ 3, true ]
